[debug] [2021-10-22T03:17:09.877Z] ----------------------------------------------------------------------
[debug] [2021-10-22T03:17:09.880Z] Command:       C:\Program Files\nodejs\node.exe C:\Users\CiceroProgramador\AppData\Roaming\npm\node_modules\firebase-tools\lib\bin\firebase.js init
[debug] [2021-10-22T03:17:09.881Z] CLI Version:   9.21.0
[debug] [2021-10-22T03:17:09.881Z] Platform:      win32
[debug] [2021-10-22T03:17:09.881Z] Node Version:  v14.18.1
[debug] [2021-10-22T03:17:09.882Z] Time:          Fri Oct 22 2021 00:17:09 GMT-0300 (Horário Padrão de Brasília)
[debug] [2021-10-22T03:17:09.882Z] ----------------------------------------------------------------------
[debug] 
[debug] [2021-10-22T03:17:09.892Z] > command requires scopes: ["email","openid","https://www.googleapis.com/auth/cloudplatformprojects.readonly","https://www.googleapis.com/auth/firebase","https://www.googleapis.com/auth/cloud-platform"]
[debug] [2021-10-22T03:17:09.892Z] > authorizing via signed-in user (monteiro17481748@gmail.com)
[info] 
     ######## #### ########  ######## ########     ###     ######  ########
     ##        ##  ##     ## ##       ##     ##  ##   ##  ##       ##
     ######    ##  ########  ######   ########  #########  ######  ######
     ##        ##  ##    ##  ##       ##     ## ##     ##       ## ##
     ##       #### ##     ## ######## ########  ##     ##  ######  ########

You're about to initialize a Firebase project in this directory:

  C:\Users\CiceroProgramador\Documents\teste-react-marvel

[info] 
=== Project Setup
[info] 
[info] First, let's associate this project directory with a Firebase project.
[info] You can create multiple project aliases by running firebase use --add, 
[info] but for now we'll just set up a default project.
[info] 
[debug] [2021-10-22T03:17:27.800Z] >>> [apiv2][query] GET https://firebase.googleapis.com/v1beta1/projects pageSize=100
[debug] [2021-10-22T03:17:29.115Z] <<< [apiv2][status] GET https://firebase.googleapis.com/v1beta1/projects 200
[debug] [2021-10-22T03:17:29.116Z] <<< [apiv2][body] GET https://firebase.googleapis.com/v1beta1/projects [omitted]
[info] i  Using project react-firebase-auth-14d1d (react-firebase-auth) 
[info] 
=== Hosting Setup
[info] 
[info] Your public directory is the folder (relative to your project directory) that
[info] will contain Hosting assets to be uploaded with firebase deploy. If you
[info] have a build process for your assets, use your build's output directory.
[info] 
[debug] [2021-10-22T03:18:13.675Z] >>> [apiv2][query] GET https://www.gstatic.com/firebasejs/releases.json [none]
[debug] [2021-10-22T03:18:14.617Z] <<< [apiv2][status] GET https://www.gstatic.com/firebasejs/releases.json 200
[debug] [2021-10-22T03:18:14.617Z] <<< [apiv2][body] GET https://www.gstatic.com/firebasejs/releases.json {"current":{"version":"9.1.3","browserURL":"https://www.gstatic.com/firebasejs/9.1.3/firebase.js","packageURL":"https://www.gstatic.com/firebasejs/9.1.3/firebase.tgz"},"live":{"version":"9.1","browserURL":"https://www.gstatic.com/firebasejs/live/9.1/firebase.js","packageURL":"https://www.gstatic.com/firebasejs/live/9.1/firebase.tgz"},"components":{"analytics":"https://www.gstatic.com/firebasejs/9.1.3/firebase-analytics.js","app":"https://www.gstatic.com/firebasejs/9.1.3/firebase-app.js","app-check":"https://www.gstatic.com/firebasejs/9.1.3/firebase-app-check.js","auth":"https://www.gstatic.com/firebasejs/9.1.3/firebase-auth.js","auth/cordova":"https://www.gstatic.com/firebasejs/9.1.3/firebase-auth/cordova.js","auth/react-native":"https://www.gstatic.com/firebasejs/9.1.3/firebase-auth/react-native.js","functions":"https://www.gstatic.com/firebasejs/9.1.3/firebase-functions.js","firestore":"https://www.gstatic.com/firebasejs/9.1.3/firebase-firestore.js","firestore/lite":"https://www.gstatic.com/firebasejs/9.1.3/firebase-firestore/lite.js","storage":"https://www.gstatic.com/firebasejs/9.1.3/firebase-storage.js","performance":"https://www.gstatic.com/firebasejs/9.1.3/firebase-performance.js","remote-config":"https://www.gstatic.com/firebasejs/9.1.3/firebase-remote-config.js","messaging":"https://www.gstatic.com/firebasejs/9.1.3/firebase-messaging.js","messaging/sw":"https://www.gstatic.com/firebasejs/9.1.3/firebase-messaging/sw.js","database":"https://www.gstatic.com/firebasejs/9.1.3/firebase-database.js","firestore.memory":"https://www.gstatic.com/firebasejs/9.1.3/firebase-firestore.memory.js"}}
[info] i  Skipping write of build/index.html 
[info] 
[info] i  Detected a .git folder at C:\Users\CiceroProgramador\Documents\teste-react-marvel 
[info] i  Authorizing with GitHub to upload your service account to a GitHub repository's secrets store. 
[info] 
[info] Visit this URL on this device to log in:
[info] https://github.com/login/oauth/authorize?client_id=89cf50f02ac6aaed3484&state=881245396&redirect_uri=http%3A%2F%2Flocalhost%3A9005&scope=read%3Auser%20repo%20public_repo
[info] 
[info] Waiting for authentication...
[debug] [2021-10-22T03:18:16.971Z] >>> HTTP REQUEST POST https://github.com/login/oauth/access_token  
 {"client_id":"89cf50f02ac6aaed3484","client_secret":"3330d14abc895d9a74d5f17cd7a00711fa2c5bf0","code":"d87042c8ddd17704d5e1","redirect_uri":"http://localhost:9005","state":"881245396"}
[debug] [2021-10-22T03:18:17.214Z] <<< HTTP RESPONSE 200 {"server":"GitHub.com","date":"Fri, 22 Oct 2021 03:18:32 GMT","content-type":"application/json; charset=utf-8","transfer-encoding":"chunked","vary":"X-PJAX, X-PJAX-Container, Accept-Encoding, Accept, X-Requested-With","permissions-policy":"interest-cohort=()","etag":"W/\"c89dbe587926de70b54735a602c25bd4\"","cache-control":"max-age=0, private, must-revalidate","strict-transport-security":"max-age=31536000; includeSubdomains; preload","x-frame-options":"deny","x-content-type-options":"nosniff","x-xss-protection":"0","referrer-policy":"origin-when-cross-origin, strict-origin-when-cross-origin","expect-ct":"max-age=2592000, report-uri=\"https://api.github.com/_private/browser/errors\"","content-security-policy":"default-src 'none'; base-uri 'self'; block-all-mixed-content; child-src github.com/assets-cdn/worker/ gist.github.com/assets-cdn/worker/; connect-src 'self' uploads.github.com objects-origin.githubusercontent.com www.githubstatus.com collector.githubapp.com api.github.com github-cloud.s3.amazonaws.com github-production-repository-file-5c1aeb.s3.amazonaws.com github-production-upload-manifest-file-7fdce7.s3.amazonaws.com github-production-user-asset-6210df.s3.amazonaws.com cdn.optimizely.com logx.optimizely.com/v1/events translator.github.com wss://alive.github.com; font-src github.githubassets.com; form-action 'self' github.com gist.github.com objects-origin.githubusercontent.com; frame-ancestors 'none'; frame-src render.githubusercontent.com viewscreen.githubusercontent.com notebooks.githubusercontent.com; img-src 'self' data: github.githubassets.com identicons.github.com collector.githubapp.com github-cloud.s3.amazonaws.com secured-user-images.githubusercontent.com/ *.githubusercontent.com; manifest-src 'self'; media-src github.com user-images.githubusercontent.com/; script-src github.githubassets.com; style-src 'unsafe-inline' github.githubassets.com; worker-src github.com/assets-cdn/worker/ gist.github.com/assets-cdn/worker/","x-github-request-id":"3E8F:216C:28D81D:2E1284:61722D88"}
[debug] [2021-10-22T03:18:17.219Z] >>> [apiv2][query] GET https://api.github.com/user [none]
[debug] [2021-10-22T03:18:17.506Z] <<< [apiv2][status] GET https://api.github.com/user 200
[debug] [2021-10-22T03:18:17.506Z] <<< [apiv2][body] GET https://api.github.com/user {"login":"ciceroduvall23","id":74693314,"node_id":"MDQ6VXNlcjc0NjkzMzE0","avatar_url":"https://avatars.githubusercontent.com/u/74693314?v=4","gravatar_id":"","url":"https://api.github.com/users/ciceroduvall23","html_url":"https://github.com/ciceroduvall23","followers_url":"https://api.github.com/users/ciceroduvall23/followers","following_url":"https://api.github.com/users/ciceroduvall23/following{/other_user}","gists_url":"https://api.github.com/users/ciceroduvall23/gists{/gist_id}","starred_url":"https://api.github.com/users/ciceroduvall23/starred{/owner}{/repo}","subscriptions_url":"https://api.github.com/users/ciceroduvall23/subscriptions","organizations_url":"https://api.github.com/users/ciceroduvall23/orgs","repos_url":"https://api.github.com/users/ciceroduvall23/repos","events_url":"https://api.github.com/users/ciceroduvall23/events{/privacy}","received_events_url":"https://api.github.com/users/ciceroduvall23/received_events","type":"User","site_admin":false,"name":null,"company":null,"blog":"https://www.facebook.com/cicero.monteiro.39545","location":null,"email":null,"hireable":true,"bio":"Apaixonado por computadores, sempre querendo aprender mais a cada dia.","twitter_username":null,"public_repos":53,"public_gists":0,"followers":19,"following":24,"created_at":"2020-11-19T02:31:34Z","updated_at":"2021-08-24T18:07:21Z","private_gists":0,"total_private_repos":2,"owned_private_repos":2,"disk_usage":366725,"collaborators":0,"two_factor_authentication":false,"plan":{"name":"free","space":976562499,"collaborators":0,"private_repos":10000}}
[info] 
[info] +  Success! Logged into GitHub as ciceroduvall23 
[info] 
[debug] [2021-10-22T03:20:22.246Z] >>> [apiv2][query] GET https://api.github.com/repos/ciceroduvall23/actions/secrets/public-key type=owner
[debug] [2021-10-22T03:20:22.250Z] >>> [apiv2][query] GET https://api.github.com/repos///actions/secrets/public-key type=owner
[debug] [2021-10-22T03:20:22.614Z] <<< [apiv2][status] GET https://api.github.com/repos///actions/secrets/public-key 404
[debug] [2021-10-22T03:20:22.615Z] <<< [apiv2][body] GET https://api.github.com/repos///actions/secrets/public-key {"message":"Not Found","documentation_url":"https://docs.github.com/rest"}
[debug] [2021-10-22T03:20:22.621Z] <<< [apiv2][status] GET https://api.github.com/repos/ciceroduvall23/actions/secrets/public-key 404
[debug] [2021-10-22T03:20:22.621Z] <<< [apiv2][body] GET https://api.github.com/repos/ciceroduvall23/actions/secrets/public-key {"message":"Not Found","documentation_url":"https://docs.github.com/rest"}
[debug] [2021-10-22T03:20:24.271Z] >>> [apiv2][query] GET https://api.github.com/repos/teste-react-marvel/actions/secrets/public-key type=owner
[debug] [2021-10-22T03:20:24.477Z] <<< [apiv2][status] GET https://api.github.com/repos/teste-react-marvel/actions/secrets/public-key 404
[debug] [2021-10-22T03:20:24.478Z] <<< [apiv2][body] GET https://api.github.com/repos/teste-react-marvel/actions/secrets/public-key {"message":"Not Found","documentation_url":"https://docs.github.com/rest"}
[debug] [2021-10-22T03:20:30.486Z] >>> [apiv2][query] GET https://api.github.com/repos/y/actions/secrets/public-key type=owner
[debug] [2021-10-22T03:20:30.711Z] <<< [apiv2][status] GET https://api.github.com/repos/y/actions/secrets/public-key 404
[debug] [2021-10-22T03:20:30.711Z] <<< [apiv2][body] GET https://api.github.com/repos/y/actions/secrets/public-key {"message":"Not Found","documentation_url":"https://docs.github.com/rest"}
[debug] [2021-10-22T03:20:32.736Z] >>> [apiv2][query] GET https://api.github.com/repos/ciceroduvall23/actions/secrets/public-key type=owner
[debug] [2021-10-22T03:20:32.738Z] >>> [apiv2][query] GET https://api.github.com/repos///actions/secrets/public-key type=owner
[debug] [2021-10-22T03:20:32.945Z] <<< [apiv2][status] GET https://api.github.com/repos///actions/secrets/public-key 404
[debug] [2021-10-22T03:20:32.945Z] <<< [apiv2][body] GET https://api.github.com/repos///actions/secrets/public-key {"message":"Not Found","documentation_url":"https://docs.github.com/rest"}
[debug] [2021-10-22T03:20:32.948Z] <<< [apiv2][status] GET https://api.github.com/repos/ciceroduvall23/actions/secrets/public-key 404
[debug] [2021-10-22T03:20:32.948Z] <<< [apiv2][body] GET https://api.github.com/repos/ciceroduvall23/actions/secrets/public-key {"message":"Not Found","documentation_url":"https://docs.github.com/rest"}
[debug] [2021-10-22T03:20:35.287Z] >>> [apiv2][query] GET https://api.github.com/repos/teste-react-marvel  y/actions/secrets/public-key type=owner
[debug] [2021-10-22T03:20:35.504Z] <<< [apiv2][status] GET https://api.github.com/repos/teste-react-marvel  y/actions/secrets/public-key 404
[debug] [2021-10-22T03:20:35.504Z] <<< [apiv2][body] GET https://api.github.com/repos/teste-react-marvel  y/actions/secrets/public-key {"message":"Not Found","documentation_url":"https://docs.github.com/rest"}
[debug] [2021-10-22T03:20:47.205Z] >>> [apiv2][query] GET https://api.github.com/repos/ciceroduvall23/actions/secrets/public-key type=owner
[debug] [2021-10-22T03:20:47.208Z] >>> [apiv2][query] GET https://api.github.com/repos///actions/secrets/public-key type=owner
[debug] [2021-10-22T03:20:47.472Z] <<< [apiv2][status] GET https://api.github.com/repos/ciceroduvall23/actions/secrets/public-key 404
[debug] [2021-10-22T03:20:47.472Z] <<< [apiv2][body] GET https://api.github.com/repos/ciceroduvall23/actions/secrets/public-key {"message":"Not Found","documentation_url":"https://docs.github.com/rest"}
[debug] [2021-10-22T03:20:47.481Z] <<< [apiv2][status] GET https://api.github.com/repos///actions/secrets/public-key 404
[debug] [2021-10-22T03:20:47.482Z] <<< [apiv2][body] GET https://api.github.com/repos///actions/secrets/public-key {"message":"Not Found","documentation_url":"https://docs.github.com/rest"}
[debug] [2021-10-22T03:21:09.088Z] >>> [apiv2][query] GET https://api.github.com/repos/ciceroduvall23//teste-react-marvel/actions/secrets/public-key type=owner
[debug] [2021-10-22T03:21:09.294Z] <<< [apiv2][status] GET https://api.github.com/repos/ciceroduvall23//teste-react-marvel/actions/secrets/public-key 404
[debug] [2021-10-22T03:21:09.294Z] <<< [apiv2][body] GET https://api.github.com/repos/ciceroduvall23//teste-react-marvel/actions/secrets/public-key {"message":"Not Found","documentation_url":"https://docs.github.com/rest"}
[debug] [2021-10-22T03:21:45.414Z] >>> [apiv2][query] GET https://api.github.com/repos/(ciceroduvall23//teste-react-marvel)/actions/secrets/public-key type=owner
[debug] [2021-10-22T03:21:45.654Z] <<< [apiv2][status] GET https://api.github.com/repos/(ciceroduvall23//teste-react-marvel)/actions/secrets/public-key 404
[debug] [2021-10-22T03:21:45.654Z] <<< [apiv2][body] GET https://api.github.com/repos/(ciceroduvall23//teste-react-marvel)/actions/secrets/public-key {"message":"Not Found","documentation_url":"https://docs.github.com/rest"}
[debug] [2021-10-22T03:24:39.638Z] >>> [apiv2][query] GET https://api.github.com/repos//actions/secrets/public-key type=owner
[debug] [2021-10-22T03:24:40.100Z] <<< [apiv2][status] GET https://api.github.com/repos//actions/secrets/public-key 404
[debug] [2021-10-22T03:24:40.101Z] <<< [apiv2][body] GET https://api.github.com/repos//actions/secrets/public-key {"message":"Not Found","documentation_url":"https://docs.github.com/rest"}
[debug] [2021-10-22T03:24:40.285Z] >>> [apiv2][query] GET https://api.github.com/repos//actions/secrets/public-key type=owner
[debug] [2021-10-22T03:24:40.488Z] <<< [apiv2][status] GET https://api.github.com/repos//actions/secrets/public-key 404
[debug] [2021-10-22T03:24:40.488Z] <<< [apiv2][body] GET https://api.github.com/repos//actions/secrets/public-key {"message":"Not Found","documentation_url":"https://docs.github.com/rest"}
[debug] [2021-10-22T03:24:40.765Z] >>> [apiv2][query] GET https://api.github.com/repos//actions/secrets/public-key type=owner
[debug] [2021-10-22T03:24:40.970Z] <<< [apiv2][status] GET https://api.github.com/repos//actions/secrets/public-key 404
[debug] [2021-10-22T03:24:40.970Z] <<< [apiv2][body] GET https://api.github.com/repos//actions/secrets/public-key {"message":"Not Found","documentation_url":"https://docs.github.com/rest"}
[debug] [2021-10-22T03:24:42.237Z] >>> [apiv2][query] GET https://api.github.com/repos/asc/actions/secrets/public-key type=owner
[debug] [2021-10-22T03:24:42.556Z] <<< [apiv2][status] GET https://api.github.com/repos/asc/actions/secrets/public-key 404
[debug] [2021-10-22T03:24:42.556Z] <<< [apiv2][body] GET https://api.github.com/repos/asc/actions/secrets/public-key {"message":"Not Found","documentation_url":"https://docs.github.com/rest"}
[debug] [2021-10-22T03:24:51.949Z] >>> [apiv2][query] GET https://api.github.com/repos/(ciceroduvall23/teste-react-marvel)/actions/secrets/public-key type=owner
[debug] [2021-10-22T03:24:52.168Z] <<< [apiv2][status] GET https://api.github.com/repos/(ciceroduvall23/teste-react-marvel)/actions/secrets/public-key 404
[debug] [2021-10-22T03:24:52.168Z] <<< [apiv2][body] GET https://api.github.com/repos/(ciceroduvall23/teste-react-marvel)/actions/secrets/public-key {"message":"Not Found","documentation_url":"https://docs.github.com/rest/reference/actions#get-a-repository-public-key"}
[debug] [2021-10-22T03:25:00.286Z] >>> [apiv2][query] GET https://api.github.com/repos/ (ciceroduvall23/teste-react-marvel)/actions/secrets/public-key type=owner
[debug] [2021-10-22T03:25:00.512Z] <<< [apiv2][status] GET https://api.github.com/repos/ (ciceroduvall23/teste-react-marvel)/actions/secrets/public-key 404
[debug] [2021-10-22T03:25:00.513Z] <<< [apiv2][body] GET https://api.github.com/repos/ (ciceroduvall23/teste-react-marvel)/actions/secrets/public-key {"message":"Not Found","documentation_url":"https://docs.github.com/rest/reference/actions#get-a-repository-public-key"}
[debug] [2021-10-22T03:25:01.741Z] >>> [apiv2][query] GET https://api.github.com/repos//actions/secrets/public-key type=owner
[debug] [2021-10-22T03:25:01.942Z] <<< [apiv2][status] GET https://api.github.com/repos//actions/secrets/public-key 404
[debug] [2021-10-22T03:25:01.942Z] <<< [apiv2][body] GET https://api.github.com/repos//actions/secrets/public-key {"message":"Not Found","documentation_url":"https://docs.github.com/rest"}
[debug] [2021-10-22T03:25:01.957Z] >>> [apiv2][query] GET https://api.github.com/repos//actions/secrets/public-key type=owner
[debug] [2021-10-22T03:25:02.141Z] >>> [apiv2][query] GET https://api.github.com/repos//actions/secrets/public-key type=owner
[debug] [2021-10-22T03:25:02.167Z] <<< [apiv2][status] GET https://api.github.com/repos//actions/secrets/public-key 404
[debug] [2021-10-22T03:25:02.168Z] <<< [apiv2][body] GET https://api.github.com/repos//actions/secrets/public-key {"message":"Not Found","documentation_url":"https://docs.github.com/rest"}
[debug] [2021-10-22T03:25:02.325Z] >>> [apiv2][query] GET https://api.github.com/repos//actions/secrets/public-key type=owner
[debug] [2021-10-22T03:25:02.348Z] <<< [apiv2][status] GET https://api.github.com/repos//actions/secrets/public-key 404
[debug] [2021-10-22T03:25:02.348Z] <<< [apiv2][body] GET https://api.github.com/repos//actions/secrets/public-key {"message":"Not Found","documentation_url":"https://docs.github.com/rest"}
[debug] [2021-10-22T03:25:02.509Z] >>> [apiv2][query] GET https://api.github.com/repos//actions/secrets/public-key type=owner
[debug] [2021-10-22T03:25:02.527Z] <<< [apiv2][status] GET https://api.github.com/repos//actions/secrets/public-key 404
[debug] [2021-10-22T03:25:02.527Z] <<< [apiv2][body] GET https://api.github.com/repos//actions/secrets/public-key {"message":"Not Found","documentation_url":"https://docs.github.com/rest"}
[debug] [2021-10-22T03:25:02.716Z] <<< [apiv2][status] GET https://api.github.com/repos//actions/secrets/public-key 404
[debug] [2021-10-22T03:25:02.716Z] <<< [apiv2][body] GET https://api.github.com/repos//actions/secrets/public-key {"message":"Not Found","documentation_url":"https://docs.github.com/rest"}
[debug] [2021-10-22T03:26:13.604Z] >>> [apiv2][query] GET https://api.github.com/repos/ (ciceroduvall23//teste-react-marvel)/actions/secrets/public-key type=owner
[debug] [2021-10-22T03:26:13.957Z] <<< [apiv2][status] GET https://api.github.com/repos/ (ciceroduvall23//teste-react-marvel)/actions/secrets/public-key 404
[debug] [2021-10-22T03:26:13.958Z] <<< [apiv2][body] GET https://api.github.com/repos/ (ciceroduvall23//teste-react-marvel)/actions/secrets/public-key {"message":"Not Found","documentation_url":"https://docs.github.com/rest"}
[debug] [2021-10-22T03:26:57.372Z] >>> [apiv2][query] GET https://api.github.com/repos/ (ciceroduvall23/teste-react-marvel)/actions/secrets/public-key type=owner
[debug] [2021-10-22T03:26:57.585Z] <<< [apiv2][status] GET https://api.github.com/repos/ (ciceroduvall23/teste-react-marvel)/actions/secrets/public-key 404
[debug] [2021-10-22T03:26:57.585Z] <<< [apiv2][body] GET https://api.github.com/repos/ (ciceroduvall23/teste-react-marvel)/actions/secrets/public-key {"message":"Not Found","documentation_url":"https://docs.github.com/rest/reference/actions#get-a-repository-public-key"}
[debug] [2021-10-22T03:27:11.956Z] >>> [apiv2][query] GET https://api.github.com/repos/https://github.com/ciceroduvall23/teste-react-marvel/actions/secrets/public-key type=owner
[debug] [2021-10-22T03:27:12.159Z] <<< [apiv2][status] GET https://api.github.com/repos/https://github.com/ciceroduvall23/teste-react-marvel/actions/secrets/public-key 404
[debug] [2021-10-22T03:27:12.159Z] <<< [apiv2][body] GET https://api.github.com/repos/https://github.com/ciceroduvall23/teste-react-marvel/actions/secrets/public-key {"message":"Not Found","documentation_url":"https://docs.github.com/rest"}
[debug] [2021-10-22T03:27:13.364Z] >>> [apiv2][query] GET https://api.github.com/repos//actions/secrets/public-key type=owner
[debug] [2021-10-22T03:27:13.573Z] <<< [apiv2][status] GET https://api.github.com/repos//actions/secrets/public-key 404
[debug] [2021-10-22T03:27:13.573Z] <<< [apiv2][body] GET https://api.github.com/repos//actions/secrets/public-key {"message":"Not Found","documentation_url":"https://docs.github.com/rest"}
[debug] [2021-10-22T03:27:13.604Z] >>> [apiv2][query] GET https://api.github.com/repos//actions/secrets/public-key type=owner
[debug] [2021-10-22T03:27:13.808Z] <<< [apiv2][status] GET https://api.github.com/repos//actions/secrets/public-key 404
[debug] [2021-10-22T03:27:13.808Z] <<< [apiv2][body] GET https://api.github.com/repos//actions/secrets/public-key {"message":"Not Found","documentation_url":"https://docs.github.com/rest"}
[debug] [2021-10-22T03:27:13.812Z] >>> [apiv2][query] GET https://api.github.com/repos//actions/secrets/public-key type=owner
[debug] [2021-10-22T03:27:14.017Z] <<< [apiv2][status] GET https://api.github.com/repos//actions/secrets/public-key 404
[debug] [2021-10-22T03:27:14.017Z] <<< [apiv2][body] GET https://api.github.com/repos//actions/secrets/public-key {"message":"Not Found","documentation_url":"https://docs.github.com/rest"}
[debug] [2021-10-22T03:27:14.060Z] >>> [apiv2][query] GET https://api.github.com/repos//actions/secrets/public-key type=owner
[debug] [2021-10-22T03:27:14.266Z] <<< [apiv2][status] GET https://api.github.com/repos//actions/secrets/public-key 404
[debug] [2021-10-22T03:27:14.266Z] <<< [apiv2][body] GET https://api.github.com/repos//actions/secrets/public-key {"message":"Not Found","documentation_url":"https://docs.github.com/rest"}
[debug] [2021-10-22T03:27:20.272Z] ----------------------------------------------------------------------
[debug] [2021-10-22T03:27:20.275Z] Command:       C:\Program Files\nodejs\node.exe C:\Users\CiceroProgramador\AppData\Roaming\npm\node_modules\firebase-tools\lib\bin\firebase.js init
[debug] [2021-10-22T03:27:20.276Z] CLI Version:   9.21.0
[debug] [2021-10-22T03:27:20.276Z] Platform:      win32
[debug] [2021-10-22T03:27:20.276Z] Node Version:  v14.18.1
[debug] [2021-10-22T03:27:20.277Z] Time:          Fri Oct 22 2021 00:27:20 GMT-0300 (Horário Padrão de Brasília)
[debug] [2021-10-22T03:27:20.277Z] ----------------------------------------------------------------------
[debug] 
[debug] [2021-10-22T03:27:20.287Z] > command requires scopes: ["email","openid","https://www.googleapis.com/auth/cloudplatformprojects.readonly","https://www.googleapis.com/auth/firebase","https://www.googleapis.com/auth/cloud-platform"]
[debug] [2021-10-22T03:27:20.287Z] > authorizing via signed-in user (monteiro17481748@gmail.com)
[info] 
     ######## #### ########  ######## ########     ###     ######  ########
     ##        ##  ##     ## ##       ##     ##  ##   ##  ##       ##
     ######    ##  ########  ######   ########  #########  ######  ######
     ##        ##  ##    ##  ##       ##     ## ##     ##       ## ##
     ##       #### ##     ## ######## ########  ##     ##  ######  ########

You're about to initialize a Firebase project in this directory:

  C:\Users\CiceroProgramador\Documents\teste-react-marvel

[info] 
=== Project Setup
[info] 
[info] First, let's associate this project directory with a Firebase project.
[info] You can create multiple project aliases by running firebase use --add, 
[info] but for now we'll just set up a default project.
[info] 
[debug] [2021-10-22T03:28:28.219Z] >>> [apiv2][query] GET https://firebase.googleapis.com/v1beta1/projects pageSize=100
[debug] [2021-10-22T03:28:29.508Z] <<< [apiv2][status] GET https://firebase.googleapis.com/v1beta1/projects 200
[debug] [2021-10-22T03:28:29.508Z] <<< [apiv2][body] GET https://firebase.googleapis.com/v1beta1/projects [omitted]
[info] i  Using project react-firebase-auth-14d1d (react-firebase-auth) 
[info] 
=== Hosting:github Setup
[info] 
[info] i  Detected a .git folder at C:\Users\CiceroProgramador\Documents\teste-react-marvel 
[info] i  Authorizing with GitHub to upload your service account to a GitHub repository's secrets store. 
[info] 
[info] Visit this URL on this device to log in:
[info] https://github.com/login/oauth/authorize?client_id=89cf50f02ac6aaed3484&state=1054761400&redirect_uri=http%3A%2F%2Flocalhost%3A9005&scope=read%3Auser%20repo%20public_repo
[info] 
[info] Waiting for authentication...
[debug] [2021-10-22T03:28:35.273Z] >>> HTTP REQUEST POST https://github.com/login/oauth/access_token  
 {"client_id":"89cf50f02ac6aaed3484","client_secret":"3330d14abc895d9a74d5f17cd7a00711fa2c5bf0","code":"aa58f8b65f2381a55a32","redirect_uri":"http://localhost:9005","state":"1054761400"}
[debug] [2021-10-22T03:28:35.533Z] <<< HTTP RESPONSE 200 {"server":"GitHub.com","date":"Fri, 22 Oct 2021 03:28:51 GMT","content-type":"application/json; charset=utf-8","transfer-encoding":"chunked","vary":"X-PJAX, X-PJAX-Container, Accept-Encoding, Accept, X-Requested-With","permissions-policy":"interest-cohort=()","etag":"W/\"3aa137b46d99a3f8f2861785ed19474e\"","cache-control":"max-age=0, private, must-revalidate","strict-transport-security":"max-age=31536000; includeSubdomains; preload","x-frame-options":"deny","x-content-type-options":"nosniff","x-xss-protection":"0","referrer-policy":"origin-when-cross-origin, strict-origin-when-cross-origin","expect-ct":"max-age=2592000, report-uri=\"https://api.github.com/_private/browser/errors\"","content-security-policy":"default-src 'none'; base-uri 'self'; block-all-mixed-content; child-src github.com/assets-cdn/worker/ gist.github.com/assets-cdn/worker/; connect-src 'self' uploads.github.com objects-origin.githubusercontent.com www.githubstatus.com collector.githubapp.com api.github.com github-cloud.s3.amazonaws.com github-production-repository-file-5c1aeb.s3.amazonaws.com github-production-upload-manifest-file-7fdce7.s3.amazonaws.com github-production-user-asset-6210df.s3.amazonaws.com cdn.optimizely.com logx.optimizely.com/v1/events translator.github.com wss://alive.github.com; font-src github.githubassets.com; form-action 'self' github.com gist.github.com objects-origin.githubusercontent.com; frame-ancestors 'none'; frame-src render.githubusercontent.com viewscreen.githubusercontent.com notebooks.githubusercontent.com; img-src 'self' data: github.githubassets.com identicons.github.com collector.githubapp.com github-cloud.s3.amazonaws.com secured-user-images.githubusercontent.com/ *.githubusercontent.com; manifest-src 'self'; media-src github.com user-images.githubusercontent.com/; script-src github.githubassets.com; style-src 'unsafe-inline' github.githubassets.com; worker-src github.com/assets-cdn/worker/ gist.github.com/assets-cdn/worker/","x-github-request-id":"3E46:37C4:7B7FC:CE604:61722FF2"}
[debug] [2021-10-22T03:28:35.537Z] >>> [apiv2][query] GET https://api.github.com/user [none]
[debug] [2021-10-22T03:28:35.801Z] <<< [apiv2][status] GET https://api.github.com/user 200
[debug] [2021-10-22T03:28:35.802Z] <<< [apiv2][body] GET https://api.github.com/user {"login":"ciceroduvall23","id":74693314,"node_id":"MDQ6VXNlcjc0NjkzMzE0","avatar_url":"https://avatars.githubusercontent.com/u/74693314?v=4","gravatar_id":"","url":"https://api.github.com/users/ciceroduvall23","html_url":"https://github.com/ciceroduvall23","followers_url":"https://api.github.com/users/ciceroduvall23/followers","following_url":"https://api.github.com/users/ciceroduvall23/following{/other_user}","gists_url":"https://api.github.com/users/ciceroduvall23/gists{/gist_id}","starred_url":"https://api.github.com/users/ciceroduvall23/starred{/owner}{/repo}","subscriptions_url":"https://api.github.com/users/ciceroduvall23/subscriptions","organizations_url":"https://api.github.com/users/ciceroduvall23/orgs","repos_url":"https://api.github.com/users/ciceroduvall23/repos","events_url":"https://api.github.com/users/ciceroduvall23/events{/privacy}","received_events_url":"https://api.github.com/users/ciceroduvall23/received_events","type":"User","site_admin":false,"name":null,"company":null,"blog":"https://www.facebook.com/cicero.monteiro.39545","location":null,"email":null,"hireable":true,"bio":"Apaixonado por computadores, sempre querendo aprender mais a cada dia.","twitter_username":null,"public_repos":53,"public_gists":0,"followers":19,"following":24,"created_at":"2020-11-19T02:31:34Z","updated_at":"2021-08-24T18:07:21Z","private_gists":0,"total_private_repos":2,"owned_private_repos":2,"disk_usage":366725,"collaborators":0,"two_factor_authentication":false,"plan":{"name":"free","space":976562499,"collaborators":0,"private_repos":10000}}
[info] 
[info] +  Success! Logged into GitHub as ciceroduvall23 
[info] 
